<?xml version="1.0" encoding="UTF-8"?>
<coverage generated="1545490709333" clover="3.2.0">
  <project timestamp="1545490709333" name="All files">
    <metrics statements="18" coveredstatements="13" conditionals="6" coveredconditionals="4" methods="9" coveredmethods="4" elements="33" coveredelements="21" complexity="0" loc="18" ncloc="18" packages="3" files="3" classes="3">
      <package name="Button">
        <metrics statements="2" coveredstatements="2" conditionals="0" coveredconditionals="0" methods="1" coveredmethods="1"/>
        <file name="index.js" path="/Users/otto/dev/flipcards/components/Button/index.js">
          <metrics statements="2" coveredstatements="2" conditionals="0" coveredconditionals="0" methods="1" coveredmethods="1"/>
          <line num="4" count="3" type="stmt"/>
          <line num="21" count="13" type="stmt"/>
        </file>
      </package>
      <package name="Card">
        <metrics statements="10" coveredstatements="6" conditionals="4" coveredconditionals="2" methods="5" coveredmethods="1"/>
        <file name="index.js" path="/Users/otto/dev/flipcards/components/Card/index.js">
          <metrics statements="10" coveredstatements="6" conditionals="4" coveredconditionals="2" methods="5" coveredmethods="1"/>
          <line num="5" count="2" type="stmt"/>
          <line num="23" count="2" type="stmt"/>
          <line num="32" count="2" type="stmt"/>
          <line num="42" count="2" type="stmt"/>
          <line num="47" count="2" type="stmt"/>
          <line num="54" count="5" type="stmt"/>
          <line num="56" count="0" type="cond" truecount="0" falsecount="2"/>
          <line num="58" count="0" type="stmt"/>
          <line num="69" count="0" type="stmt"/>
          <line num="70" count="0" type="stmt"/>
        </file>
      </package>
      <package name="CardsList">
        <metrics statements="6" coveredstatements="5" conditionals="2" coveredconditionals="2" methods="3" coveredmethods="2"/>
        <file name="index.js" path="/Users/otto/dev/flipcards/components/CardsList/index.js">
          <metrics statements="6" coveredstatements="5" conditionals="2" coveredconditionals="2" methods="3" coveredmethods="2"/>
          <line num="6" count="1" type="stmt"/>
          <line num="12" count="1" type="stmt"/>
          <line num="17" count="3" type="stmt"/>
          <line num="24" count="4" type="stmt"/>
          <line num="25" count="4" type="stmt"/>
          <line num="28" count="0" type="stmt"/>
        </file>
      </package>
    </metrics>
  </project>
</coverage>
