{"/Users/otto/dev/flipcards/components/Button/index.js": {"path":"/Users/otto/dev/flipcards/components/Button/index.js","statementMap":{"0":{"start":{"line":4,"column":15},"end":{"line":19,"column":1}},"1":{"start":{"line":21,"column":24},"end":{"line":21,"column":45}}},"fnMap":{"0":{"name":"(anonymous_0)","decl":{"start":{"line":21,"column":15},"end":{"line":21,"column":16}},"loc":{"start":{"line":21,"column":24},"end":{"line":21,"column":45}},"line":21}},"branchMap":{},"s":{"0":3,"1":13},"f":{"0":13},"b":{},"_coverageSchema":"332fd63041d2c1bcb487cc26dd0d5f7d97098a6c","hash":"689987b5bdaa7c281716af3de99dfd942045f388"}
,"/Users/otto/dev/flipcards/components/Card/index.js": {"path":"/Users/otto/dev/flipcards/components/Card/index.js","statementMap":{"0":{"start":{"line":5,"column":17},"end":{"line":21,"column":1}},"1":{"start":{"line":23,"column":22},"end":{"line":30,"column":1}},"2":{"start":{"line":32,"column":21},"end":{"line":40,"column":1}},"3":{"start":{"line":42,"column":22},"end":{"line":45,"column":1}},"4":{"start":{"line":47,"column":21},"end":{"line":51,"column":1}},"5":{"start":{"line":54,"column":2},"end":{"line":73,"column":3}},"6":{"start":{"line":56,"column":31},"end":{"line":58,"column":53}},"7":{"start":{"line":58,"column":41},"end":{"line":58,"column":51}},"8":{"start":{"line":69,"column":31},"end":{"line":69,"column":44}},"9":{"start":{"line":70,"column":31},"end":{"line":70,"column":46}}},"fnMap":{"0":{"name":"(anonymous_0)","decl":{"start":{"line":53,"column":15},"end":{"line":53,"column":16}},"loc":{"start":{"line":53,"column":98},"end":{"line":74,"column":1}},"line":53},"1":{"name":"(anonymous_1)","decl":{"start":{"line":56,"column":25},"end":{"line":56,"column":26}},"loc":{"start":{"line":56,"column":31},"end":{"line":58,"column":53}},"line":56},"2":{"name":"(anonymous_2)","decl":{"start":{"line":58,"column":36},"end":{"line":58,"column":37}},"loc":{"start":{"line":58,"column":41},"end":{"line":58,"column":51}},"line":58},"3":{"name":"(anonymous_3)","decl":{"start":{"line":69,"column":25},"end":{"line":69,"column":26}},"loc":{"start":{"line":69,"column":31},"end":{"line":69,"column":44}},"line":69},"4":{"name":"(anonymous_4)","decl":{"start":{"line":70,"column":25},"end":{"line":70,"column":26}},"loc":{"start":{"line":70,"column":31},"end":{"line":70,"column":46}},"line":70}},"branchMap":{"0":{"loc":{"start":{"line":56,"column":31},"end":{"line":58,"column":53}},"type":"cond-expr","locations":[{"start":{"line":57,"column":10},"end":{"line":57,"column":42}},{"start":{"line":58,"column":10},"end":{"line":58,"column":53}}],"line":56},"1":{"loc":{"start":{"line":59,"column":42},"end":{"line":59,"column":72}},"type":"binary-expr","locations":[{"start":{"line":59,"column":42},"end":{"line":59,"column":51}},{"start":{"line":59,"column":55},"end":{"line":59,"column":72}}],"line":59}},"s":{"0":2,"1":2,"2":2,"3":2,"4":2,"5":5,"6":0,"7":0,"8":0,"9":0},"f":{"0":5,"1":0,"2":0,"3":0,"4":0},"b":{"0":[0,0],"1":[5,1]},"_coverageSchema":"332fd63041d2c1bcb487cc26dd0d5f7d97098a6c","hash":"131d1f7028729c5c89a7cbfc4092adcc2ef3b1cd"}
,"/Users/otto/dev/flipcards/components/CardsList/index.js": {"path":"/Users/otto/dev/flipcards/components/CardsList/index.js","statementMap":{"0":{"start":{"line":6,"column":27},"end":{"line":10,"column":1}},"1":{"start":{"line":12,"column":14},"end":{"line":14,"column":1}},"2":{"start":{"line":17,"column":2},"end":{"line":34,"column":3}},"3":{"start":{"line":24,"column":28},"end":{"line":24,"column":56}},"4":{"start":{"line":25,"column":10},"end":{"line":25,"column":164}},"5":{"start":{"line":28,"column":29},"end":{"line":28,"column":49}}},"fnMap":{"0":{"name":"(anonymous_0)","decl":{"start":{"line":16,"column":15},"end":{"line":16,"column":16}},"loc":{"start":{"line":16,"column":87},"end":{"line":35,"column":1}},"line":16},"1":{"name":"(anonymous_1)","decl":{"start":{"line":23,"column":19},"end":{"line":23,"column":20}},"loc":{"start":{"line":23,"column":35},"end":{"line":26,"column":9}},"line":23},"2":{"name":"(anonymous_2)","decl":{"start":{"line":28,"column":23},"end":{"line":28,"column":24}},"loc":{"start":{"line":28,"column":29},"end":{"line":28,"column":49}},"line":28}},"branchMap":{"0":{"loc":{"start":{"line":20,"column":7},"end":{"line":32,"column":7}},"type":"cond-expr","locations":[{"start":{"line":21,"column":6},"end":{"line":29,"column":12}},{"start":{"line":31,"column":8},"end":{"line":31,"column":62}}],"line":20}},"s":{"0":1,"1":1,"2":3,"3":4,"4":4,"5":0},"f":{"0":3,"1":4,"2":0},"b":{"0":[2,1]},"_coverageSchema":"332fd63041d2c1bcb487cc26dd0d5f7d97098a6c","hash":"298496861ef2265a7712b1631f694425d5f74c55"}
}
