TN:
SF:/Users/otto/dev/flipcards/components/Button/index.js
FN:21,(anonymous_0)
FNF:1
FNH:1
FNDA:13,(anonymous_0)
DA:4,3
DA:21,13
LF:2
LH:2
BRF:0
BRH:0
end_of_record
TN:
SF:/Users/otto/dev/flipcards/components/Card/index.js
FN:53,(anonymous_0)
FN:56,(anonymous_1)
FN:58,(anonymous_2)
FN:69,(anonymous_3)
FN:70,(anonymous_4)
FNF:5
FNH:1
FNDA:5,(anonymous_0)
FNDA:0,(anonymous_1)
FNDA:0,(anonymous_2)
FNDA:0,(anonymous_3)
FNDA:0,(anonymous_4)
DA:5,2
DA:23,2
DA:32,2
DA:42,2
DA:47,2
DA:54,5
DA:56,0
DA:58,0
DA:69,0
DA:70,0
LF:10
LH:6
BRDA:56,0,0,0
BRDA:56,0,1,0
BRDA:59,1,0,5
BRDA:59,1,1,1
BRF:4
BRH:2
end_of_record
TN:
SF:/Users/otto/dev/flipcards/components/CardsList/index.js
FN:16,(anonymous_0)
FN:23,(anonymous_1)
FN:28,(anonymous_2)
FNF:3
FNH:2
FNDA:3,(anonymous_0)
FNDA:4,(anonymous_1)
FNDA:0,(anonymous_2)
DA:6,1
DA:12,1
DA:17,3
DA:24,4
DA:25,4
DA:28,0
LF:6
LH:5
BRDA:20,0,0,2
BRDA:20,0,1,1
BRF:2
BRH:2
end_of_record
